# JRE version: OpenJDK Runtime Environment Temurin-17.0.16+8 (17.0.16+8) (build 17.0.16+8)
# Java VM: OpenJDK 64-Bit Server VM Temurin-17.0.16+8 (17.0.16+8, mixed mode, sharing, tiered, compressed oops, compressed class ptrs, parallel gc, windows-amd64)
GC Precious Log:
 CPUs: 4 total, 4 available
 Memory: 6023M
 Large Page Support: Disabled
 NUMA Support: Disabled
 Compressed Oops: Enabled (32-bit)
 Alignments: Space 512K, Generation 512K, Heap 2M
 Heap Min Capacity: 100M
 Heap Initial Capacity: 100M
 Heap Max Capacity: 1G
 Pre-touch: Disabled
 Parallel Workers: 4
Heap:
 PSYoungGen      total 22016K, used 16686K [0x00000000eab00000, 0x00000000ec400000, 0x0000000100000000)
  eden space 19968K, 75% used [0x00000000eab00000,0x00000000eb9a8100,0x00000000ebe80000)
  from space 2048K, 81% used [0x00000000ec200000,0x00000000ec3a3a58,0x00000000ec400000)
  to   space 2048K, 0% used [0x00000000ec000000,0x00000000ec000000,0x00000000ec200000)
 ParOldGen       total 68608K, used 40006K [0x00000000c0000000, 0x00000000c4300000, 0x00000000eab00000)
  object space 68608K, 58% used [0x00000000c0000000,0x00000000c27118e0,0x00000000c4300000)
 Metaspace       used 63676K, committed 64768K, reserved 1114112K
  class space    used 6781K, committed 7296K, reserved 1048576K
GC Heap History (20 events):
Event: 41.902 GC heap before
{Heap before GC invocations=26 (full 2):
 PSYoungGen      total 22528K, used 22340K [0x00000000eab00000, 0x00000000ec580000, 0x0000000100000000)
  eden space 19968K, 100% used [0x00000000eab00000,0x00000000ebe80000,0x00000000ebe80000)
  from space 2560K, 92% used [0x00000000ebe80000,0x00000000ec0d1000,0x00000000ec100000)
  to   space 3584K, 0% used [0x00000000ec200000,0x00000000ec200000,0x00000000ec580000)
 ParOldGen       total 68608K, used 32912K [0x00000000c0000000, 0x00000000c4300000, 0x00000000eab00000)
  object space 68608K, 47% used [0x00000000c0000000,0x00000000c2024108,0x00000000c4300000)
 Metaspace       used 52679K, committed 53696K, reserved 1114112K
  class space    used 5705K, committed 6144K, reserved 1048576K
}
Event: 41.913 GC heap after
{Heap after GC invocations=26 (full 2):
 PSYoungGen      total 22528K, used 2368K [0x00000000eab00000, 0x00000000ec480000, 0x0000000100000000)
  eden space 19968K, 0% used [0x00000000eab00000,0x00000000eab00000,0x00000000ebe80000)
  from space 2560K, 92% used [0x00000000ec200000,0x00000000ec450010,0x00000000ec480000)
  to   space 2560K, 0% used [0x00000000ebe80000,0x00000000ebe80000,0x00000000ec100000)
 ParOldGen       total 68608K, used 35268K [0x00000000c0000000, 0x00000000c4300000, 0x00000000eab00000)
  object space 68608K, 51% used [0x00000000c0000000,0x00000000c2271108,0x00000000c4300000)
 Metaspace       used 52679K, committed 53696K, reserved 1114112K
  class space    used 5705K, committed 6144K, reserved 1048576K
}
Event: 42.301 GC heap before
{Heap before GC invocations=27 (full 2):
 PSYoungGen      total 22528K, used 22336K [0x00000000eab00000, 0x00000000ec480000, 0x0000000100000000)
  eden space 19968K, 100% used [0x00000000eab00000,0x00000000ebe80000,0x00000000ebe80000)
  from space 2560K, 92% used [0x00000000ec200000,0x00000000ec450010,0x00000000ec480000)
  to   space 2560K, 0% used [0x00000000ebe80000,0x00000000ebe80000,0x00000000ec100000)
 ParOldGen       total 68608K, used 35268K [0x00000000c0000000, 0x00000000c4300000, 0x00000000eab00000)
  object space 68608K, 51% used [0x00000000c0000000,0x00000000c2271108,0x00000000c4300000)
 Metaspace       used 52773K, committed 53760K, reserved 1114112K
  class space    used 5712K, committed 6144K, reserved 1048576K
}
Event: 42.317 GC heap after
{Heap after GC invocations=27 (full 2):
 PSYoungGen      total 22528K, used 2560K [0x00000000eab00000, 0x00000000ecb80000, 0x0000000100000000)
  eden space 19968K, 0% used [0x00000000eab00000,0x00000000eab00000,0x00000000ebe80000)
  from space 2560K, 100% used [0x00000000ebe80000,0x00000000ec100000,0x00000000ec100000)
  to   space 6656K, 0% used [0x00000000ec500000,0x00000000ec500000,0x00000000ecb80000)
 ParOldGen       total 68608K, used 38604K [0x00000000c0000000, 0x00000000c4300000, 0x00000000eab00000)
  object space 68608K, 56% used [0x00000000c0000000,0x00000000c25b3318,0x00000000c4300000)
 Metaspace       used 52773K, committed 53760K, reserved 1114112K
  class space    used 5712K, committed 6144K, reserved 1048576K
}
Event: 42.782 GC heap before
{Heap before GC invocations=28 (full 2):
 PSYoungGen      total 22528K, used 22528K [0x00000000eab00000, 0x00000000ecb80000, 0x0000000100000000)
  eden space 19968K, 100% used [0x00000000eab00000,0x00000000ebe80000,0x00000000ebe80000)
  from space 2560K, 100% used [0x00000000ebe80000,0x00000000ec100000,0x00000000ec100000)
  to   space 6656K, 0% used [0x00000000ec500000,0x00000000ec500000,0x00000000ecb80000)
 ParOldGen       total 68608K, used 38604K [0x00000000c0000000, 0x00000000c4300000, 0x00000000eab00000)
  object space 68608K, 56% used [0x00000000c0000000,0x00000000c25b3318,0x00000000c4300000)
 Metaspace       used 54187K, committed 55168K, reserved 1114112K
  class space    used 5838K, committed 6272K, reserved 1048576K
}
Event: 42.800 GC heap after
{Heap after GC invocations=28 (full 2):
 PSYoungGen      total 22528K, used 2268K [0x00000000eab00000, 0x00000000ec780000, 0x0000000100000000)
  eden space 19968K, 0% used [0x00000000eab00000,0x00000000eab00000,0x00000000ebe80000)
  from space 2560K, 88% used [0x00000000ec500000,0x00000000ec737168,0x00000000ec780000)
  to   space 3584K, 0% used [0x00000000ec080000,0x00000000ec080000,0x00000000ec400000)
 ParOldGen       total 68608K, used 41172K [0x00000000c0000000, 0x00000000c4300000, 0x00000000eab00000)
  object space 68608K, 60% used [0x00000000c0000000,0x00000000c2835318,0x00000000c4300000)
 Metaspace       used 54187K, committed 55168K, reserved 1114112K
  class space    used 5838K, committed 6272K, reserved 1048576K
}
Event: 43.037 GC heap before
{Heap before GC invocations=29 (full 2):
 PSYoungGen      total 22528K, used 22236K [0x00000000eab00000, 0x00000000ec780000, 0x0000000100000000)
  eden space 19968K, 100% used [0x00000000eab00000,0x00000000ebe80000,0x00000000ebe80000)
  from space 2560K, 88% used [0x00000000ec500000,0x00000000ec737168,0x00000000ec780000)
  to   space 3584K, 0% used [0x00000000ec080000,0x00000000ec080000,0x00000000ec400000)
 ParOldGen       total 68608K, used 41172K [0x00000000c0000000, 0x00000000c4300000, 0x00000000eab00000)
  object space 68608K, 60% used [0x00000000c0000000,0x00000000c2835318,0x00000000c4300000)
 Metaspace       used 54208K, committed 55232K, reserved 1114112K
  class space    used 5838K, committed 6272K, reserved 1048576K
}
Event: 43.043 GC heap after
{Heap after GC invocations=29 (full 2):
 PSYoungGen      total 20992K, used 776K [0x00000000eab00000, 0x00000000ec580000, 0x0000000100000000)
  eden space 19968K, 0% used [0x00000000eab00000,0x00000000eab00000,0x00000000ebe80000)
  from space 1024K, 75% used [0x00000000ec080000,0x00000000ec142090,0x00000000ec180000)
  to   space 2048K, 0% used [0x00000000ec380000,0x00000000ec380000,0x00000000ec580000)
 ParOldGen       total 68608K, used 42644K [0x00000000c0000000, 0x00000000c4300000, 0x00000000eab00000)
  object space 68608K, 62% used [0x00000000c0000000,0x00000000c29a52b0,0x00000000c4300000)
 Metaspace       used 54208K, committed 55232K, reserved 1114112K
  class space    used 5838K, committed 6272K, reserved 1048576K
}
Event: 44.034 GC heap before
{Heap before GC invocations=30 (full 2):
 PSYoungGen      total 20992K, used 20744K [0x00000000eab00000, 0x00000000ec580000, 0x0000000100000000)
  eden space 19968K, 100% used [0x00000000eab00000,0x00000000ebe80000,0x00000000ebe80000)
  from space 1024K, 75% used [0x00000000ec080000,0x00000000ec142090,0x00000000ec180000)
  to   space 2048K, 0% used [0x00000000ec380000,0x00000000ec380000,0x00000000ec580000)
 ParOldGen       total 68608K, used 42644K [0x00000000c0000000, 0x00000000c4300000, 0x00000000eab00000)
  object space 68608K, 62% used [0x00000000c0000000,0x00000000c29a52b0,0x00000000c4300000)
 Metaspace       used 55802K, committed 56832K, reserved 1114112K
  class space    used 6005K, committed 6464K, reserved 1048576K
}
Event: 44.036 GC heap after
{Heap after GC invocations=30 (full 2):
 PSYoungGen      total 20480K, used 288K [0x00000000eab00000, 0x00000000ec400000, 0x0000000100000000)
  eden space 19968K, 0% used [0x00000000eab00000,0x00000000eab00000,0x00000000ebe80000)
  from space 512K, 56% used [0x00000000ec380000,0x00000000ec3c8000,0x00000000ec400000)
  to   space 1024K, 0% used [0x00000000ec200000,0x00000000ec200000,0x00000000ec300000)
 ParOldGen       total 68608K, used 42668K [0x00000000c0000000, 0x00000000c4300000, 0x00000000eab00000)
  object space 68608K, 62% used [0x00000000c0000000,0x00000000c29ab2b0,0x00000000c4300000)
 Metaspace       used 55802K, committed 56832K, reserved 1114112K
  class space    used 6005K, committed 6464K, reserved 1048576K
}
Event: 45.313 GC heap before
{Heap before GC invocations=31 (full 2):
 PSYoungGen      total 20480K, used 20256K [0x00000000eab00000, 0x00000000ec400000, 0x0000000100000000)
  eden space 19968K, 100% used [0x00000000eab00000,0x00000000ebe80000,0x00000000ebe80000)
  from space 512K, 56% used [0x00000000ec380000,0x00000000ec3c8000,0x00000000ec400000)
  to   space 1024K, 0% used [0x00000000ec200000,0x00000000ec200000,0x00000000ec300000)
 ParOldGen       total 68608K, used 42668K [0x00000000c0000000, 0x00000000c4300000, 0x00000000eab00000)
  object space 68608K, 62% used [0x00000000c0000000,0x00000000c29ab2b0,0x00000000c4300000)
 Metaspace       used 57250K, committed 58240K, reserved 1114112K
  class space    used 6120K, committed 6528K, reserved 1048576K
}
Event: 45.315 GC heap after
{Heap after GC invocations=31 (full 2):
 PSYoungGen      total 20992K, used 416K [0x00000000eab00000, 0x00000000ec400000, 0x0000000100000000)
  eden space 19968K, 0% used [0x00000000eab00000,0x00000000eab00000,0x00000000ebe80000)
  from space 1024K, 40% used [0x00000000ec200000,0x00000000ec268010,0x00000000ec300000)
  to   space 512K, 0% used [0x00000000ec380000,0x00000000ec380000,0x00000000ec400000)
 ParOldGen       total 68608K, used 42852K [0x00000000c0000000, 0x00000000c4300000, 0x00000000eab00000)
  object space 68608K, 62% used [0x00000000c0000000,0x00000000c29d92b0,0x00000000c4300000)
 Metaspace       used 57250K, committed 58240K, reserved 1114112K
  class space    used 6120K, committed 6528K, reserved 1048576K
}
Event: 46.580 GC heap before
{Heap before GC invocations=32 (full 2):
 PSYoungGen      total 20992K, used 18864K [0x00000000eab00000, 0x00000000ec400000, 0x0000000100000000)
  eden space 19968K, 92% used [0x00000000eab00000,0x00000000ebd043d0,0x00000000ebe80000)
  from space 1024K, 40% used [0x00000000ec200000,0x00000000ec268010,0x00000000ec300000)
  to   space 512K, 0% used [0x00000000ec380000,0x00000000ec380000,0x00000000ec400000)
 ParOldGen       total 68608K, used 42852K [0x00000000c0000000, 0x00000000c4300000, 0x00000000eab00000)
  object space 68608K, 62% used [0x00000000c0000000,0x00000000c29d92b0,0x00000000c4300000)
 Metaspace       used 58710K, committed 59776K, reserved 1114112K
  class space    used 6299K, committed 6784K, reserved 1048576K
}
Event: 46.584 GC heap after
{Heap after GC invocations=32 (full 2):
 PSYoungGen      total 20480K, used 503K [0x00000000eab00000, 0x00000000ec400000, 0x0000000100000000)
  eden space 19968K, 0% used [0x00000000eab00000,0x00000000eab00000,0x00000000ebe80000)
  from space 512K, 98% used [0x00000000ec380000,0x00000000ec3fdd40,0x00000000ec400000)
  to   space 2560K, 0% used [0x00000000ebf00000,0x00000000ebf00000,0x00000000ec180000)
 ParOldGen       total 68608K, used 44482K [0x00000000c0000000, 0x00000000c4300000, 0x00000000eab00000)
  object space 68608K, 64% used [0x00000000c0000000,0x00000000c2b70af0,0x00000000c4300000)
 Metaspace       used 58710K, committed 59776K, reserved 1114112K
  class space    used 6299K, committed 6784K, reserved 1048576K
}
Event: 46.584 GC heap before
{Heap before GC invocations=33 (full 3):
 PSYoungGen      total 20480K, used 503K [0x00000000eab00000, 0x00000000ec400000, 0x0000000100000000)
  eden space 19968K, 0% used [0x00000000eab00000,0x00000000eab00000,0x00000000ebe80000)
  from space 512K, 98% used [0x00000000ec380000,0x00000000ec3fdd40,0x00000000ec400000)
  to   space 2560K, 0% used [0x00000000ebf00000,0x00000000ebf00000,0x00000000ec180000)
 ParOldGen       total 68608K, used 44482K [0x00000000c0000000, 0x00000000c4300000, 0x00000000eab00000)
  object space 68608K, 64% used [0x00000000c0000000,0x00000000c2b70af0,0x00000000c4300000)
 Metaspace       used 58710K, committed 59776K, reserved 1114112K
  class space    used 6299K, committed 6784K, reserved 1048576K
}
Event: 46.757 GC heap after
{Heap after GC invocations=33 (full 3):
 PSYoungGen      total 20480K, used 0K [0x00000000eab00000, 0x00000000ec400000, 0x0000000100000000)
  eden space 19968K, 0% used [0x00000000eab00000,0x00000000eab00000,0x00000000ebe80000)
  from space 512K, 0% used [0x00000000ec380000,0x00000000ec380000,0x00000000ec400000)
  to   space 2560K, 0% used [0x00000000ebf00000,0x00000000ebf00000,0x00000000ec180000)
 ParOldGen       total 68608K, used 38243K [0x00000000c0000000, 0x00000000c4300000, 0x00000000eab00000)
  object space 68608K, 55% used [0x00000000c0000000,0x00000000c2558f38,0x00000000c4300000)
 Metaspace       used 58698K, committed 59776K, reserved 1114112K
  class space    used 6296K, committed 6784K, reserved 1048576K
}
Event: 48.083 GC heap before
{Heap before GC invocations=34 (full 3):
 PSYoungGen      total 20480K, used 19968K [0x00000000eab00000, 0x00000000ec400000, 0x0000000100000000)
  eden space 19968K, 100% used [0x00000000eab00000,0x00000000ebe80000,0x00000000ebe80000)
  from space 512K, 0% used [0x00000000ec380000,0x00000000ec380000,0x00000000ec400000)
  to   space 2560K, 0% used [0x00000000ebf00000,0x00000000ebf00000,0x00000000ec180000)
 ParOldGen       total 68608K, used 38243K [0x00000000c0000000, 0x00000000c4300000, 0x00000000eab00000)
  object space 68608K, 55% used [0x00000000c0000000,0x00000000c2558f38,0x00000000c4300000)
 Metaspace       used 60685K, committed 61760K, reserved 1114112K
  class space    used 6494K, committed 6976K, reserved 1048576K
}
Event: 48.086 GC heap after
{Heap after GC invocations=34 (full 3):
 PSYoungGen      total 22528K, used 1923K [0x00000000eab00000, 0x00000000ec400000, 0x0000000100000000)
  eden space 19968K, 0% used [0x00000000eab00000,0x00000000eab00000,0x00000000ebe80000)
  from space 2560K, 75% used [0x00000000ebf00000,0x00000000ec0e0ef8,0x00000000ec180000)
  to   space 2048K, 0% used [0x00000000ec200000,0x00000000ec200000,0x00000000ec400000)
 ParOldGen       total 68608K, used 38251K [0x00000000c0000000, 0x00000000c4300000, 0x00000000eab00000)
  object space 68608K, 55% used [0x00000000c0000000,0x00000000c255af38,0x00000000c4300000)
 Metaspace       used 60685K, committed 61760K, reserved 1114112K
  class space    used 6494K, committed 6976K, reserved 1048576K
}
Event: 50.460 GC heap before
{Heap before GC invocations=35 (full 3):
 PSYoungGen      total 22528K, used 21891K [0x00000000eab00000, 0x00000000ec400000, 0x0000000100000000)
  eden space 19968K, 100% used [0x00000000eab00000,0x00000000ebe80000,0x00000000ebe80000)
  from space 2560K, 75% used [0x00000000ebf00000,0x00000000ec0e0ef8,0x00000000ec180000)
  to   space 2048K, 0% used [0x00000000ec200000,0x00000000ec200000,0x00000000ec400000)
 ParOldGen       total 68608K, used 38251K [0x00000000c0000000, 0x00000000c4300000, 0x00000000eab00000)
  object space 68608K, 55% used [0x00000000c0000000,0x00000000c255af38,0x00000000c4300000)
 Metaspace       used 62778K, committed 63936K, reserved 1114112K
  class space    used 6715K, committed 7232K, reserved 1048576K
}
Event: 50.469 GC heap after
{Heap after GC invocations=35 (full 3):
 PSYoungGen      total 22016K, used 1678K [0x00000000eab00000, 0x00000000ec400000, 0x0000000100000000)
  eden space 19968K, 0% used [0x00000000eab00000,0x00000000eab00000,0x00000000ebe80000)
  from space 2048K, 81% used [0x00000000ec200000,0x00000000ec3a3a58,0x00000000ec400000)
  to   space 2048K, 0% used [0x00000000ec000000,0x00000000ec000000,0x00000000ec200000)
 ParOldGen       total 68608K, used 40006K [0x00000000c0000000, 0x00000000c4300000, 0x00000000eab00000)
  object space 68608K, 58% used [0x00000000c0000000,0x00000000c27118e0,0x00000000c4300000)
 Metaspace       used 62778K, committed 63936K, reserved 1114112K
  class space    used 6715K, committed 7232K, reserved 1048576K
}

