# JRE version: OpenJDK Runtime Environment Temurin-17.0.16+8 (17.0.16+8) (build 17.0.16+8)
# Java VM: OpenJDK 64-Bit Server VM Temurin-17.0.16+8 (17.0.16+8, mixed mode, sharing, tiered, compressed oops, compressed class ptrs, parallel gc, windows-amd64)
GC Precious Log:
 CPUs: 4 total, 4 available
 Memory: 6023M
 Large Page Support: Disabled
 NUMA Support: Disabled
 Compressed Oops: Enabled (32-bit)
 Alignments: Space 512K, Generation 512K, Heap 2M
 Heap Min Capacity: 100M
 Heap Initial Capacity: 100M
 Heap Max Capacity: 1G
 Pre-touch: Disabled
 Parallel Workers: 4
Heap:
 PSYoungGen      total 20480K, used 11134K [0x00000000eab00000, 0x00000000ec280000, 0x0000000100000000)
  eden space 19456K, 54% used [0x00000000eab00000,0x00000000eb55fb10,0x00000000ebe00000)
  from space 1024K, 50% used [0x00000000ebe00000,0x00000000ebe80020,0x00000000ebf00000)
  to   space 2048K, 0% used [0x00000000ec080000,0x00000000ec080000,0x00000000ec280000)
 ParOldGen       total 68608K, used 39863K [0x00000000c0000000, 0x00000000c4300000, 0x00000000eab00000)
  object space 68608K, 58% used [0x00000000c0000000,0x00000000c26edcb0,0x00000000c4300000)
 Metaspace       used 44255K, committed 45120K, reserved 1114112K
  class space    used 4374K, committed 4800K, reserved 1048576K
GC Heap History (20 events):
Event: 32.871 GC heap before
{Heap before GC invocations=18 (full 2):
 PSYoungGen      total 23552K, used 22016K [0x00000000eab00000, 0x00000000ec480000, 0x0000000100000000)
  eden space 22016K, 100% used [0x00000000eab00000,0x00000000ec080000,0x00000000ec080000)
  from space 1536K, 0% used [0x00000000ec200000,0x00000000ec200000,0x00000000ec380000)
  to   space 512K, 0% used [0x00000000ec400000,0x00000000ec400000,0x00000000ec480000)
 ParOldGen       total 68608K, used 19883K [0x00000000c0000000, 0x00000000c4300000, 0x00000000eab00000)
  object space 68608K, 28% used [0x00000000c0000000,0x00000000c136ae68,0x00000000c4300000)
 Metaspace       used 36413K, committed 37248K, reserved 1114112K
  class space    used 3616K, committed 4032K, reserved 1048576K
}
Event: 32.873 GC heap after
{Heap after GC invocations=18 (full 2):
 PSYoungGen      total 22528K, used 416K [0x00000000eab00000, 0x00000000ec480000, 0x0000000100000000)
  eden space 22016K, 0% used [0x00000000eab00000,0x00000000eab00000,0x00000000ec080000)
  from space 512K, 81% used [0x00000000ec400000,0x00000000ec468000,0x00000000ec480000)
  to   space 512K, 0% used [0x00000000ec380000,0x00000000ec380000,0x00000000ec400000)
 ParOldGen       total 68608K, used 19891K [0x00000000c0000000, 0x00000000c4300000, 0x00000000eab00000)
  object space 68608K, 28% used [0x00000000c0000000,0x00000000c136ce68,0x00000000c4300000)
 Metaspace       used 36413K, committed 37248K, reserved 1114112K
  class space    used 3616K, committed 4032K, reserved 1048576K
}
Event: 35.577 GC heap before
{Heap before GC invocations=19 (full 2):
 PSYoungGen      total 22528K, used 22432K [0x00000000eab00000, 0x00000000ec480000, 0x0000000100000000)
  eden space 22016K, 100% used [0x00000000eab00000,0x00000000ec080000,0x00000000ec080000)
  from space 512K, 81% used [0x00000000ec400000,0x00000000ec468000,0x00000000ec480000)
  to   space 512K, 0% used [0x00000000ec380000,0x00000000ec380000,0x00000000ec400000)
 ParOldGen       total 68608K, used 19891K [0x00000000c0000000, 0x00000000c4300000, 0x00000000eab00000)
  object space 68608K, 28% used [0x00000000c0000000,0x00000000c136ce68,0x00000000c4300000)
 Metaspace       used 38548K, committed 39488K, reserved 1114112K
  class space    used 3797K, committed 4224K, reserved 1048576K
}
Event: 35.580 GC heap after
{Heap after GC invocations=19 (full 2):
 PSYoungGen      total 22528K, used 512K [0x00000000eab00000, 0x00000000ec480000, 0x0000000100000000)
  eden space 22016K, 0% used [0x00000000eab00000,0x00000000eab00000,0x00000000ec080000)
  from space 512K, 100% used [0x00000000ec380000,0x00000000ec400000,0x00000000ec400000)
  to   space 512K, 0% used [0x00000000ec400000,0x00000000ec400000,0x00000000ec480000)
 ParOldGen       total 68608K, used 20379K [0x00000000c0000000, 0x00000000c4300000, 0x00000000eab00000)
  object space 68608K, 29% used [0x00000000c0000000,0x00000000c13e6ea8,0x00000000c4300000)
 Metaspace       used 38548K, committed 39488K, reserved 1114112K
  class space    used 3797K, committed 4224K, reserved 1048576K
}
Event: 35.848 GC heap before
{Heap before GC invocations=20 (full 2):
 PSYoungGen      total 22528K, used 22528K [0x00000000eab00000, 0x00000000ec480000, 0x0000000100000000)
  eden space 22016K, 100% used [0x00000000eab00000,0x00000000ec080000,0x00000000ec080000)
  from space 512K, 100% used [0x00000000ec380000,0x00000000ec400000,0x00000000ec400000)
  to   space 512K, 0% used [0x00000000ec400000,0x00000000ec400000,0x00000000ec480000)
 ParOldGen       total 68608K, used 20379K [0x00000000c0000000, 0x00000000c4300000, 0x00000000eab00000)
  object space 68608K, 29% used [0x00000000c0000000,0x00000000c13e6ea8,0x00000000c4300000)
 Metaspace       used 38594K, committed 39488K, reserved 1114112K
  class space    used 3797K, committed 4224K, reserved 1048576K
}
Event: 35.858 GC heap after
{Heap after GC invocations=20 (full 2):
 PSYoungGen      total 22528K, used 512K [0x00000000eab00000, 0x00000000ec680000, 0x0000000100000000)
  eden space 22016K, 0% used [0x00000000eab00000,0x00000000eab00000,0x00000000ec080000)
  from space 512K, 100% used [0x00000000ec400000,0x00000000ec480000,0x00000000ec480000)
  to   space 3072K, 0% used [0x00000000ec080000,0x00000000ec080000,0x00000000ec380000)
 ParOldGen       total 68608K, used 22465K [0x00000000c0000000, 0x00000000c4300000, 0x00000000eab00000)
  object space 68608K, 32% used [0x00000000c0000000,0x00000000c15f0590,0x00000000c4300000)
 Metaspace       used 38594K, committed 39488K, reserved 1114112K
  class space    used 3797K, committed 4224K, reserved 1048576K
}
Event: 36.596 GC heap before
{Heap before GC invocations=21 (full 2):
 PSYoungGen      total 22528K, used 22528K [0x00000000eab00000, 0x00000000ec680000, 0x0000000100000000)
  eden space 22016K, 100% used [0x00000000eab00000,0x00000000ec080000,0x00000000ec080000)
  from space 512K, 100% used [0x00000000ec400000,0x00000000ec480000,0x00000000ec480000)
  to   space 3072K, 0% used [0x00000000ec080000,0x00000000ec080000,0x00000000ec380000)
 ParOldGen       total 68608K, used 22465K [0x00000000c0000000, 0x00000000c4300000, 0x00000000eab00000)
  object space 68608K, 32% used [0x00000000c0000000,0x00000000c15f0590,0x00000000c4300000)
 Metaspace       used 38675K, committed 39552K, reserved 1114112K
  class space    used 3803K, committed 4224K, reserved 1048576K
}
Event: 36.608 GC heap after
{Heap after GC invocations=21 (full 2):
 PSYoungGen      total 25088K, used 2980K [0x00000000eab00000, 0x00000000ec780000, 0x0000000100000000)
  eden space 22016K, 0% used [0x00000000eab00000,0x00000000eab00000,0x00000000ec080000)
  from space 3072K, 97% used [0x00000000ec080000,0x00000000ec369030,0x00000000ec380000)
  to   space 3584K, 0% used [0x00000000ec400000,0x00000000ec400000,0x00000000ec780000)
 ParOldGen       total 68608K, used 22997K [0x00000000c0000000, 0x00000000c4300000, 0x00000000eab00000)
  object space 68608K, 33% used [0x00000000c0000000,0x00000000c1675690,0x00000000c4300000)
 Metaspace       used 38675K, committed 39552K, reserved 1114112K
  class space    used 3803K, committed 4224K, reserved 1048576K
}
Event: 36.791 GC heap before
{Heap before GC invocations=22 (full 2):
 PSYoungGen      total 25088K, used 24996K [0x00000000eab00000, 0x00000000ec780000, 0x0000000100000000)
  eden space 22016K, 100% used [0x00000000eab00000,0x00000000ec080000,0x00000000ec080000)
  from space 3072K, 97% used [0x00000000ec080000,0x00000000ec369030,0x00000000ec380000)
  to   space 3584K, 0% used [0x00000000ec400000,0x00000000ec400000,0x00000000ec780000)
 ParOldGen       total 68608K, used 22997K [0x00000000c0000000, 0x00000000c4300000, 0x00000000eab00000)
  object space 68608K, 33% used [0x00000000c0000000,0x00000000c1675690,0x00000000c4300000)
 Metaspace       used 38679K, committed 39552K, reserved 1114112K
  class space    used 3803K, committed 4224K, reserved 1048576K
}
Event: 36.809 GC heap after
{Heap after GC invocations=22 (full 2):
 PSYoungGen      total 24576K, used 2328K [0x00000000eab00000, 0x00000000ec680000, 0x0000000100000000)
  eden space 22016K, 0% used [0x00000000eab00000,0x00000000eab00000,0x00000000ec080000)
  from space 2560K, 90% used [0x00000000ec400000,0x00000000ec646200,0x00000000ec680000)
  to   space 3072K, 0% used [0x00000000ec080000,0x00000000ec080000,0x00000000ec380000)
 ParOldGen       total 68608K, used 25870K [0x00000000c0000000, 0x00000000c4300000, 0x00000000eab00000)
  object space 68608K, 37% used [0x00000000c0000000,0x00000000c1943950,0x00000000c4300000)
 Metaspace       used 38679K, committed 39552K, reserved 1114112K
  class space    used 3803K, committed 4224K, reserved 1048576K
}
Event: 38.463 GC heap before
{Heap before GC invocations=23 (full 2):
 PSYoungGen      total 24576K, used 24344K [0x00000000eab00000, 0x00000000ec680000, 0x0000000100000000)
  eden space 22016K, 100% used [0x00000000eab00000,0x00000000ec080000,0x00000000ec080000)
  from space 2560K, 90% used [0x00000000ec400000,0x00000000ec646200,0x00000000ec680000)
  to   space 3072K, 0% used [0x00000000ec080000,0x00000000ec080000,0x00000000ec380000)
 ParOldGen       total 68608K, used 25870K [0x00000000c0000000, 0x00000000c4300000, 0x00000000eab00000)
  object space 68608K, 37% used [0x00000000c0000000,0x00000000c1943950,0x00000000c4300000)
 Metaspace       used 40679K, committed 41536K, reserved 1114112K
  class space    used 4014K, committed 4416K, reserved 1048576K
}
Event: 38.491 GC heap after
{Heap after GC invocations=23 (full 2):
 PSYoungGen      total 24576K, used 2478K [0x00000000eab00000, 0x00000000ec580000, 0x0000000100000000)
  eden space 22016K, 0% used [0x00000000eab00000,0x00000000eab00000,0x00000000ec080000)
  from space 2560K, 96% used [0x00000000ec080000,0x00000000ec2eba78,0x00000000ec300000)
  to   space 2560K, 0% used [0x00000000ec300000,0x00000000ec300000,0x00000000ec580000)
 ParOldGen       total 68608K, used 28150K [0x00000000c0000000, 0x00000000c4300000, 0x00000000eab00000)
  object space 68608K, 41% used [0x00000000c0000000,0x00000000c1b7db50,0x00000000c4300000)
 Metaspace       used 40679K, committed 41536K, reserved 1114112K
  class space    used 4014K, committed 4416K, reserved 1048576K
}
Event: 41.157 GC heap before
{Heap before GC invocations=24 (full 2):
 PSYoungGen      total 24576K, used 24492K [0x00000000eab00000, 0x00000000ec580000, 0x0000000100000000)
  eden space 22016K, 99% used [0x00000000eab00000,0x00000000ec07f720,0x00000000ec080000)
  from space 2560K, 96% used [0x00000000ec080000,0x00000000ec2eba78,0x00000000ec300000)
  to   space 2560K, 0% used [0x00000000ec300000,0x00000000ec300000,0x00000000ec580000)
 ParOldGen       total 68608K, used 28150K [0x00000000c0000000, 0x00000000c4300000, 0x00000000eab00000)
  object space 68608K, 41% used [0x00000000c0000000,0x00000000c1b7db50,0x00000000c4300000)
 Metaspace       used 42956K, committed 43840K, reserved 1114112K
  class space    used 4260K, committed 4672K, reserved 1048576K
}
Event: 41.165 GC heap after
{Heap after GC invocations=24 (full 2):
 PSYoungGen      total 22016K, used 2534K [0x00000000eab00000, 0x00000000eca80000, 0x0000000100000000)
  eden space 19456K, 0% used [0x00000000eab00000,0x00000000eab00000,0x00000000ebe00000)
  from space 2560K, 99% used [0x00000000ec300000,0x00000000ec579ac8,0x00000000ec580000)
  to   space 5120K, 0% used [0x00000000ebe00000,0x00000000ebe00000,0x00000000ec300000)
 ParOldGen       total 68608K, used 30342K [0x00000000c0000000, 0x00000000c4300000, 0x00000000eab00000)
  object space 68608K, 44% used [0x00000000c0000000,0x00000000c1da1b90,0x00000000c4300000)
 Metaspace       used 42956K, committed 43840K, reserved 1114112K
  class space    used 4260K, committed 4672K, reserved 1048576K
}
Event: 42.244 GC heap before
{Heap before GC invocations=25 (full 2):
 PSYoungGen      total 22016K, used 21990K [0x00000000eab00000, 0x00000000eca80000, 0x0000000100000000)
  eden space 19456K, 100% used [0x00000000eab00000,0x00000000ebe00000,0x00000000ebe00000)
  from space 2560K, 99% used [0x00000000ec300000,0x00000000ec579ac8,0x00000000ec580000)
  to   space 5120K, 0% used [0x00000000ebe00000,0x00000000ebe00000,0x00000000ec300000)
 ParOldGen       total 68608K, used 30342K [0x00000000c0000000, 0x00000000c4300000, 0x00000000eab00000)
  object space 68608K, 44% used [0x00000000c0000000,0x00000000c1da1b90,0x00000000c4300000)
 Metaspace       used 43314K, committed 44160K, reserved 1114112K
  class space    used 4277K, committed 4672K, reserved 1048576K
}
Event: 42.257 GC heap after
{Heap after GC invocations=25 (full 2):
 PSYoungGen      total 23040K, used 3561K [0x00000000eab00000, 0x00000000ec600000, 0x0000000100000000)
  eden space 19456K, 0% used [0x00000000eab00000,0x00000000eab00000,0x00000000ebe00000)
  from space 3584K, 99% used [0x00000000ebe00000,0x00000000ec17a4d8,0x00000000ec180000)
  to   space 4096K, 0% used [0x00000000ec200000,0x00000000ec200000,0x00000000ec600000)
 ParOldGen       total 68608K, used 32819K [0x00000000c0000000, 0x00000000c4300000, 0x00000000eab00000)
  object space 68608K, 47% used [0x00000000c0000000,0x00000000c200cf78,0x00000000c4300000)
 Metaspace       used 43314K, committed 44160K, reserved 1114112K
  class space    used 4277K, committed 4672K, reserved 1048576K
}
Event: 43.639 GC heap before
{Heap before GC invocations=26 (full 2):
 PSYoungGen      total 23040K, used 23017K [0x00000000eab00000, 0x00000000ec600000, 0x0000000100000000)
  eden space 19456K, 100% used [0x00000000eab00000,0x00000000ebe00000,0x00000000ebe00000)
  from space 3584K, 99% used [0x00000000ebe00000,0x00000000ec17a4d8,0x00000000ec180000)
  to   space 4096K, 0% used [0x00000000ec200000,0x00000000ec200000,0x00000000ec600000)
 ParOldGen       total 68608K, used 32819K [0x00000000c0000000, 0x00000000c4300000, 0x00000000eab00000)
  object space 68608K, 47% used [0x00000000c0000000,0x00000000c200cf78,0x00000000c4300000)
 Metaspace       used 43500K, committed 44352K, reserved 1114112K
  class space    used 4287K, committed 4672K, reserved 1048576K
}
Event: 43.647 GC heap after
{Heap after GC invocations=26 (full 2):
 PSYoungGen      total 23552K, used 3639K [0x00000000eab00000, 0x00000000ec600000, 0x0000000100000000)
  eden space 19456K, 0% used [0x00000000eab00000,0x00000000eab00000,0x00000000ebe00000)
  from space 4096K, 88% used [0x00000000ec200000,0x00000000ec58dfd8,0x00000000ec600000)
  to   space 4096K, 0% used [0x00000000ebe00000,0x00000000ebe00000,0x00000000ec200000)
 ParOldGen       total 68608K, used 36259K [0x00000000c0000000, 0x00000000c4300000, 0x00000000eab00000)
  object space 68608K, 52% used [0x00000000c0000000,0x00000000c2368e28,0x00000000c4300000)
 Metaspace       used 43500K, committed 44352K, reserved 1114112K
  class space    used 4287K, committed 4672K, reserved 1048576K
}
Event: 45.914 GC heap before
{Heap before GC invocations=27 (full 2):
 PSYoungGen      total 23552K, used 23095K [0x00000000eab00000, 0x00000000ec600000, 0x0000000100000000)
  eden space 19456K, 100% used [0x00000000eab00000,0x00000000ebe00000,0x00000000ebe00000)
  from space 4096K, 88% used [0x00000000ec200000,0x00000000ec58dfd8,0x00000000ec600000)
  to   space 4096K, 0% used [0x00000000ebe00000,0x00000000ebe00000,0x00000000ec200000)
 ParOldGen       total 68608K, used 36259K [0x00000000c0000000, 0x00000000c4300000, 0x00000000eab00000)
  object space 68608K, 52% used [0x00000000c0000000,0x00000000c2368e28,0x00000000c4300000)
 Metaspace       used 44104K, committed 44992K, reserved 1114112K
  class space    used 4367K, committed 4800K, reserved 1048576K
}
Event: 45.927 GC heap after
{Heap after GC invocations=27 (full 2):
 PSYoungGen      total 20480K, used 512K [0x00000000eab00000, 0x00000000ec280000, 0x0000000100000000)
  eden space 19456K, 0% used [0x00000000eab00000,0x00000000eab00000,0x00000000ebe00000)
  from space 1024K, 50% used [0x00000000ebe00000,0x00000000ebe80020,0x00000000ebf00000)
  to   space 2048K, 0% used [0x00000000ec080000,0x00000000ec080000,0x00000000ec280000)
 ParOldGen       total 68608K, used 39863K [0x00000000c0000000, 0x00000000c4300000, 0x00000000eab00000)
  object space 68608K, 58% used [0x00000000c0000000,0x00000000c26edcb0,0x00000000c4300000)
 Metaspace       used 44104K, committed 44992K, reserved 1114112K
  class space    used 4367K, committed 4800K, reserved 1048576K
}

